0 info it worked if it ends with ok
1 verbose cli [ '/usr/local/bin/node', '/usr/local/bin/npm', 'start' ]
2 info using npm@3.10.8
3 info using node@v6.9.1
4 verbose run-script [ 'prestart', 'start', 'poststart' ]
5 info lifecycle daily_status_report_reactjs@1.0.0~prestart: daily_status_report_reactjs@1.0.0
6 silly lifecycle daily_status_report_reactjs@1.0.0~prestart: no script for prestart, continuing
7 info lifecycle daily_status_report_reactjs@1.0.0~start: daily_status_report_reactjs@1.0.0
8 verbose lifecycle daily_status_report_reactjs@1.0.0~start: unsafe-perm in lifecycle true
9 verbose lifecycle daily_status_report_reactjs@1.0.0~start: PATH: /usr/local/lib/node_modules/npm/bin/node-gyp-bin:/var/www/html/ReactJSProjects/Daily_Status_In_React/node_modules/.bin:/usr/local/sbin:/usr/local/bin:/usr/sbin:/usr/bin:/sbin:/bin:/usr/games:/usr/local/games:/usr/lib/jvm/java-8-oracle/bin:/usr/lib/jvm/java-8-oracle/db/bin:/usr/lib/jvm/java-8-oracle/jre/bin
10 verbose lifecycle daily_status_report_reactjs@1.0.0~start: CWD: /var/www/html/ReactJSProjects/Daily_Status_In_React
11 silly lifecycle daily_status_report_reactjs@1.0.0~start: Args: [ '-c', 'cross-env NODE_ENV=development webpack-dev-server' ]
12 silly lifecycle daily_status_report_reactjs@1.0.0~start: Returned: code: 1  signal: null
13 info lifecycle daily_status_report_reactjs@1.0.0~start: Failed to exec start script
14 verbose stack Error: daily_status_report_reactjs@1.0.0 start: `cross-env NODE_ENV=development webpack-dev-server`
14 verbose stack Exit status 1
14 verbose stack     at EventEmitter.<anonymous> (/usr/local/lib/node_modules/npm/lib/utils/lifecycle.js:255:16)
14 verbose stack     at emitTwo (events.js:106:13)
14 verbose stack     at EventEmitter.emit (events.js:191:7)
14 verbose stack     at ChildProcess.<anonymous> (/usr/local/lib/node_modules/npm/lib/utils/spawn.js:40:14)
14 verbose stack     at emitTwo (events.js:106:13)
14 verbose stack     at ChildProcess.emit (events.js:191:7)
14 verbose stack     at maybeClose (internal/child_process.js:877:16)
14 verbose stack     at Process.ChildProcess._handle.onexit (internal/child_process.js:226:5)
15 verbose pkgid daily_status_report_reactjs@1.0.0
16 verbose cwd /var/www/html/ReactJSProjects/Daily_Status_In_React
17 error Linux 3.16.0-30-generic
18 error argv "/usr/local/bin/node" "/usr/local/bin/npm" "start"
19 error node v6.9.1
20 error npm  v3.10.8
21 error code ELIFECYCLE
22 error daily_status_report_reactjs@1.0.0 start: `cross-env NODE_ENV=development webpack-dev-server`
22 error Exit status 1
23 error Failed at the daily_status_report_reactjs@1.0.0 start script 'cross-env NODE_ENV=development webpack-dev-server'.
23 error Make sure you have the latest version of node.js and npm installed.
23 error If you do, this is most likely a problem with the daily_status_report_reactjs package,
23 error not with npm itself.
23 error Tell the author that this fails on your system:
23 error     cross-env NODE_ENV=development webpack-dev-server
23 error You can get information on how to open an issue for this project with:
23 error     npm bugs daily_status_report_reactjs
23 error Or if that isn't available, you can get their info via:
23 error     npm owner ls daily_status_report_reactjs
23 error There is likely additional logging output above.
24 verbose exit [ 1, true ]
